SLOW VARIANT
Game Over
Quitting game...
Quitting game...
[log] [03.12.2023 15:25:16]: SLOW VARIANT
[log] [03.12.2023 15:25:19]: Game Over
[log] [03.12.2023 15:25:35]: SLOW VARIANT
[log] [03.12.2023 15:25:37]: Game Over
[log] [03.12.2023 15:25:50]: SLOW VARIANT
[log] [03.12.2023 15:25:55]: Game Over
[log] [03.12.2023 15:28:09]: SLOW VARIANT
[log] [03.12.2023 15:28:12]: Game Over
[03.12.2023 15:43:44,9]: GAME STARTS
[03.12.2023 15:43:50,5]: [log] Play
[03.12.2023 15:44:01,4]: GAME ENDS
[03.12.2023 15:48:12,9]: GAME STARTS
[03.12.2023 15:48:16,2]: [log] Play
[03.12.2023 15:48:34,5]: GAME ENDS
[03.12.2023 15:54:33,6]: GAME STARTS
[03.12.2023 15:54:36,5]: Play
[03.12.2023 15:54:53,9]: GAME ENDS
[03.12.2023 15:54:56,2]: Play
[03.12.2023 15:55:04,6]: GAME ENDS
[03.12.2023 20:41:02,7]: GAME STARTS
[03.12.2023 20:41:07,5]: Started game with version Slow
[03.12.2023 20:42:26,9]: Star collected: from 1 to 2
[03.12.2023 20:42:39,9]: Animal died: from 2 to 1
[03.12.2023 20:42:41,4]: Star collected: from 1 to 2
[03.12.2023 20:42:51,4]: Animal died: from 2 to 1
[03.12.2023 20:42:51,5]: Star collected: from 1 to 2
[03.12.2023 20:43:18,3]: Star collected: from 2 to 3
[03.12.2023 20:43:46,2]: Animal died: from 3 to 2
[03.12.2023 20:43:51,6]: Star collected: from 2 to 3
[03.12.2023 20:44:11,7]: Animal died: from 3 to 2
[03.12.2023 20:44:21,4]: Star collected: from 2 to 3
[03.12.2023 20:44:22,7]: Animal died: from 3 to 2
[03.12.2023 20:44:26,4]: Animal died: from 2 to 1
[03.12.2023 20:44:45,9]: Game Over
[03.12.2023 20:44:51,0]: GAME ENDS
[03.12.2023 20:44:53,6]: GAME ENDS
[03.12.2023 20:45:34,4]: GAME STARTS
[03.12.2023 20:45:38,5]: Started game with version Fast
[03.12.2023 20:46:04,9]: Game Over
[03.12.2023 20:46:09,9]: GAME ENDS
[03.12.2023 20:46:11,7]: Started game with version Slow
[03.12.2023 20:46:19,2]: Game Over
[03.12.2023 20:46:24,3]: GAME ENDS
[03.12.2023 20:46:26,7]: Started game with version Fast
[03.12.2023 20:46:57,4]: Game Over
[03.12.2023 20:47:00,2]: GAME ENDS
[03.12.2023 20:55:10,2]: GAME STARTS
[03.12.2023 20:55:13,3]: Started game with version Slow
[03.12.2023 20:55:27,0]: Star collected: from 1 to 2
[03.12.2023 20:55:27,7]: Star collected: from 2 to 3
[03.12.2023 20:55:36,0]: Animal died: from 3 to 2
[03.12.2023 20:55:38,8]: Star collected: from 2 to 3
[03.12.2023 20:55:39,5]: Star collected: from 3 to 4
[03.12.2023 20:55:40,0]: Star collected: from 4 to 5
[03.12.2023 20:55:40,8]: Star collected: from 5 to 6
[03.12.2023 20:55:57,1]: Animal died: from 6 to 5
[03.12.2023 20:56:08,0]: Star collected: from 5 to 6
[03.12.2023 20:56:40,4]: Animal died: from 6 to 5
[03.12.2023 20:56:42,2]: Star collected: from 5 to 6
[03.12.2023 20:56:46,4]: GAME ENDS
[03.12.2023 20:59:35,3]: GAME STARTS
[03.12.2023 20:59:39,4]: Started game with version Slow
[03.12.2023 21:00:19,1]: Game Over
[03.12.2023 21:00:21,5]: GAME ENDS
[03.12.2023 21:00:34,8]: GAME STARTS
[03.12.2023 21:00:36,8]: Started game with version Slow
[03.12.2023 21:00:45,1]: Star collected: from 1 to 2
[03.12.2023 21:00:47,2]: Star collected: from 2 to 3
[03.12.2023 21:00:47,4]: Star collected: from 3 to 4
[03.12.2023 21:00:47,7]: Star collected: from 4 to 5
[03.12.2023 21:01:59,7]: Star collected: from 5 to 6
[03.12.2023 21:02:08,7]: Animal died: from 6 to 5
[03.12.2023 21:02:17,4]: Star collected: from 5 to 6
[03.12.2023 21:02:24,9]: Animal died: from 6 to 5
[03.12.2023 21:02:25,8]: GAME ENDS
[03.12.2023 21:18:58,1]: GAME STARTS
[03.12.2023 21:19:02,4]: Started game with version Fast
[03.12.2023 21:19:17,9]: Game Over
[03.12.2023 21:19:20,1]: GAME ENDS
[03.12.2023 21:20:15,4]: GAME STARTS
[03.12.2023 21:20:20,3]: Started game with version Fast
[03.12.2023 21:20:54,6]: Game Over
[03.12.2023 21:20:57,7]: GAME ENDS
[03.12.2023 21:21:25,9]: GAME STARTS
[03.12.2023 21:21:27,8]: Started game with version Slow
[03.12.2023 21:22:09,7]: Star collected: from 1 to 2
[03.12.2023 21:22:40,5]: Star collected: from 2 to 3
[03.12.2023 21:22:48,0]: Animal died: from 3 to 2
[03.12.2023 21:22:52,1]: Animal died: from 2 to 1
[03.12.2023 21:22:56,2]: Game Over
[03.12.2023 21:23:00,6]: GAME ENDS
